=== Roster Sync: Fri Feb  6 12:52:25 AM CST 2026 ===
Fetched 141 members...
Done! Saved to data/members-raw.json
Roster built: 130 members
  Officers: 4
  Enlisted: 39
  Reserves: 87
Historical users: 3369
Discord members: 130

Matched: 21
Unmatched: 109

Roster updated with historical data!

Top 15 by historical service:
  Cavadus                   18yr  (2007-12-04)
  Kolya                     18yr  (2008-01-16)
  Campbell                  18yr  (2008-01-27)
  Revoco                    18yr  (2008-02-06)
  Payton                    17yr  (2008-12-30)
  Destroy                   15yr  (2011-02-05)
  Striker                   15yr  (2011-01-06)
  Toomey                    13yr  (2013-01-11)
  Odin                      12yr  (2013-08-08)
  Dragonsoul                12yr  (2013-06-18)
  Lightfoot                 12yr  (2013-05-07)
  Maximus                   12yr  (2013-05-07)
  Bealin                    12yr  (2013-07-18)
  Jungels                   12yr  (2013-02-07)
  Lodowar                   12yr  (2013-07-05)
=== Roster Sync: Fri Feb  6 12:53:05 AM CST 2026 ===
Fetched 141 members...
Done! Saved to data/members-raw.json
Roster built: 130 members
  Officers: 4
  Enlisted: 39
  Reserves: 87
Historical users: 3369
Discord members: 130

Matched: 21
Unmatched: 109

Roster updated with historical data!

Top 15 by historical service:
  Cavadus                   18yr  (2007-12-04)
  Kolya                     18yr  (2008-01-16)
  Campbell                  18yr  (2008-01-27)
  Revoco                    18yr  (2008-02-06)
  Payton                    17yr  (2008-12-30)
  Destroy                   15yr  (2011-02-05)
  Striker                   15yr  (2011-01-06)
  Toomey                    13yr  (2013-01-11)
  Odin                      12yr  (2013-08-08)
  Dragonsoul                12yr  (2013-06-18)
  Lightfoot                 12yr  (2013-05-07)
  Maximus                   12yr  (2013-05-07)
  Bealin                    12yr  (2013-07-18)
  Jungels                   12yr  (2013-02-07)
  Lodowar                   12yr  (2013-07-05)
  → Deployed to WordPress theme
=== Sync complete: Fri Feb  6 12:53:12 AM CST 2026 ===
=== Roster Sync: Fri Feb  6 04:00:01 AM CST 2026 ===
Fetched 141 members...
Done! Saved to data/members-raw.json
Roster built: 130 members
  Officers: 4
  Enlisted: 39
  Reserves: 87
Historical users: 3369
Discord members: 130

Matched: 21
Unmatched: 109

Roster updated with historical data!

Top 15 by historical service:
  Cavadus                   18yr  (2007-12-04)
  Kolya                     18yr  (2008-01-16)
  Campbell                  18yr  (2008-01-27)
  Revoco                    18yr  (2008-02-06)
  Payton                    17yr  (2008-12-30)
  Destroy                   15yr  (2011-02-05)
  Striker                   15yr  (2011-01-06)
  Toomey                    13yr  (2013-01-11)
  Odin                      12yr  (2013-08-08)
  Dragonsoul                12yr  (2013-06-18)
  Lightfoot                 12yr  (2013-05-07)
  Maximus                   12yr  (2013-05-07)
  Bealin                    12yr  (2013-07-18)
  Jungels                   12yr  (2013-02-07)
  Lodowar                   12yr  (2013-07-05)
  + Cavadus: added "dune_awakening" ribbon
  + Cavadus: added "war_thunder" ribbon
  + Odin: added "war_thunder" ribbon
  + Odin: added "stars_reach" ribbon
  + Dragonsoul: added "stars_reach" ribbon
  + Lightfoot: added "dune_awakening" ribbon
  + Lightfoot: added "war_thunder" ribbon
  + Lightfoot: added "stars_reach" ribbon
  + Maximus: added "dune_awakening" ribbon
  + Glyndo: added "dune_awakening" ribbon
  + Glyndo: added "stars_reach" ribbon
  + Buckshotz93: added "war_thunder" ribbon
  + Rala: added "stars_reach" ribbon
  + Scruffy_The_Janitor: added "war_thunder" ribbon
  + Tsarg: added "war_thunder" ribbon
  + Tsarg: added "stars_reach" ribbon
  + Dicknuts: added "dune_awakening" ribbon
  + Tansoner: added "dune_awakening" ribbon
  + Tansoner: added "stars_reach" ribbon
  + Tung: added "dune_awakening" ribbon
  + JPLewis316: added "dune_awakening" ribbon
  + powerbeardx: added "stars_reach" ribbon
  + Zhaku: added "dune_awakening" ribbon
  + BeallYouCanBe: added "dune_awakening" ribbon
  + BeallYouCanBe: added "war_thunder" ribbon
  + cowboy1878: added "dune_awakening" ribbon
  + Keziah: added "dune_awakening" ribbon
  + Shintoryu1: added "dune_awakening" ribbon
  + KNUCK135: added "stars_reach" ribbon
  + RavenWing: added "war_thunder" ribbon
  + Destroy: added "dune_awakening" ribbon
  + Bonkers: added "dune_awakening" ribbon
  + Broken Prism Studios: added "war_thunder" ribbon
  + Munster: added "war_thunder" ribbon

✅ Ribbon sync complete:
   34 ribbons added to 26 members
   Roster saved to /home/lkavadas/clawd/projects/47th-roster/data/roster.json
      → Deployed to WordPress theme
=== Sync complete: Fri Feb  6 04:00:13 AM CST 2026 ===
